<?xml version="1.0" encoding="UTF-8"?>
<testsuite xmlns:xsi="http://www.w3.org/2001/XMLSchema-instance" xsi:noNamespaceSchemaLocation="https://maven.apache.org/surefire/maven-surefire-plugin/xsd/surefire-test-report-3.0.xsd" version="3.0" name="testRunner.TestRun" time="117.991" tests="1" errors="1" skipped="0" failures="0">
  <properties>
[...]
</properties>
  <testcase name="Update resume and location functionality" classname="Update resume and location functionality" time="117.586">
    <error message="no such element: Unable to locate element: {&quot;method&quot;:&quot;xpath&quot;,&quot;selector&quot;:&quot;//div[@tabindex=&apos;-1&apos;]&quot;}&#10;  (Session info: chrome=133.0.6943.127)&#10;For documentation on this error, please visit: https://www.seleniumhq.org/exceptions/no_such_element.html&#10;Build info: version: &apos;3.141.59&apos;, revision: &apos;e82be7d358&apos;, time: &apos;2018-11-14T08:17:03&apos;&#10;System info: host: &apos;YOGI1630&apos;, ip: &apos;192.168.205.1&apos;, os.name: &apos;Windows 10&apos;, os.arch: &apos;amd64&apos;, os.version: &apos;10.0&apos;, java.version: &apos;21.0.5&apos;&#10;Driver info: org.openqa.selenium.chrome.ChromeDriver&#10;Capabilities {acceptInsecureCerts: false, browserName: chrome, browserVersion: 133.0.6943.127, chrome: {chromedriverVersion: 133.0.6943.126 (cffa127ce7b..., userDataDir: C:\Windows\SystemTemp\scope...}, fedcm:accounts: true, goog:chromeOptions: {debuggerAddress: localhost:55984}, javascriptEnabled: true, networkConnectionEnabled: false, pageLoadStrategy: normal, platform: WINDOWS, platformName: WINDOWS, proxy: Proxy(), setWindowRect: true, strictFileInteractability: false, timeouts: {implicit: 0, pageLoad: 300000, script: 30000}, unhandledPromptBehavior: dismiss and notify, webauthn:extension:credBlob: true, webauthn:extension:largeBlob: true, webauthn:extension:minPinLength: true, webauthn:extension:prf: true, webauthn:virtualAuthenticators: true}&#10;Session ID: e6efcd6d10d5ad16651a7d227594e280&#10;*** Element info: {Using=xpath, value=//div[@tabindex=&apos;-1&apos;]}" type="org.openqa.selenium.NoSuchElementException"><![CDATA[org.openqa.selenium.NoSuchElementException: 
no such element: Unable to locate element: {"method":"xpath","selector":"//div[@tabindex='-1']"}
  (Session info: chrome=133.0.6943.127)
For documentation on this error, please visit: https://www.seleniumhq.org/exceptions/no_such_element.html
Build info: version: '3.141.59', revision: 'e82be7d358', time: '2018-11-14T08:17:03'
System info: host: 'YOGI1630', ip: '192.168.205.1', os.name: 'Windows 10', os.arch: 'amd64', os.version: '10.0', java.version: '21.0.5'
Driver info: org.openqa.selenium.chrome.ChromeDriver
Capabilities {acceptInsecureCerts: false, browserName: chrome, browserVersion: 133.0.6943.127, chrome: {chromedriverVersion: 133.0.6943.126 (cffa127ce7b..., userDataDir: C:\Windows\SystemTemp\scope...}, fedcm:accounts: true, goog:chromeOptions: {debuggerAddress: localhost:55984}, javascriptEnabled: true, networkConnectionEnabled: false, pageLoadStrategy: normal, platform: WINDOWS, platformName: WINDOWS, proxy: Proxy(), setWindowRect: true, strictFileInteractability: false, timeouts: {implicit: 0, pageLoad: 300000, script: 30000}, unhandledPromptBehavior: dismiss and notify, webauthn:extension:credBlob: true, webauthn:extension:largeBlob: true, webauthn:extension:minPinLength: true, webauthn:extension:prf: true, webauthn:virtualAuthenticators: true}
Session ID: e6efcd6d10d5ad16651a7d227594e280
*** Element info: {Using=xpath, value=//div[@tabindex='-1']}
	at java.base/java.lang.reflect.Constructor.newInstanceWithCaller(Constructor.java:502)
	at java.base/java.lang.reflect.Constructor.newInstance(Constructor.java:486)
	at org.openqa.selenium.remote.http.W3CHttpResponseCodec.createException(W3CHttpResponseCodec.java:187)
	at org.openqa.selenium.remote.http.W3CHttpResponseCodec.decode(W3CHttpResponseCodec.java:122)
	at org.openqa.selenium.remote.http.W3CHttpResponseCodec.decode(W3CHttpResponseCodec.java:49)
	at org.openqa.selenium.remote.HttpCommandExecutor.execute(HttpCommandExecutor.java:158)
	at org.openqa.selenium.remote.service.DriverCommandExecutor.execute(DriverCommandExecutor.java:83)
	at org.openqa.selenium.remote.RemoteWebDriver.execute(RemoteWebDriver.java:552)
	at org.openqa.selenium.remote.RemoteWebDriver.findElement(RemoteWebDriver.java:323)
	at org.openqa.selenium.remote.RemoteWebDriver.findElementByXPath(RemoteWebDriver.java:428)
	at org.openqa.selenium.By$ByXPath.findElement(By.java:353)
	at org.openqa.selenium.remote.RemoteWebDriver.findElement(RemoteWebDriver.java:315)
	at org.openqa.selenium.support.pagefactory.DefaultElementLocator.findElement(DefaultElementLocator.java:69)
	at org.openqa.selenium.support.pagefactory.internal.LocatingElementHandler.invoke(LocatingElementHandler.java:38)
	at jdk.proxy2/jdk.proxy2.$Proxy21.click(Unknown Source)
	at pagefactory.UpdateResumeAndLocationPage.selectFirstLocationOption(UpdateResumeAndLocationPage.java:150)
	at stepdefinations.UpdateResumeAndLocationSteps.user_enters_the_new_location_on_basic_details_form(UpdateResumeAndLocationSteps.java:114)
	at ✽.User Enters the new location on Basic details Form(file:///C:/Users/Admin/eclipse-workspace/Naukri/src/test/resources/features/updateNaukri.feature:19)
]]></error>
    <system-out><![CDATA[
Scenario: Update resume and location functionality                                   # src/test/resources/features/updateNaukri.feature:10
openining the browser
  Given user navigate to the Naukri login page                                       # stepdefinations.UpdateResumeAndLocationSteps.user_navigate_to_the_naukri_login_page()
  When user Click on Login button                                                    # stepdefinations.UpdateResumeAndLocationSteps.user_click_on_login_button()
  When user enter valid username "hithesh512@gmail.com" and password "AlgoHithi512#" # stepdefinations.UpdateResumeAndLocationSteps.user_enter_valid_username_and_password(java.lang.String,java.lang.String)
  And user click on the login button                                                 # stepdefinations.UpdateResumeAndLocationSteps.user_click_on_the_login_button()
  Then I should be redirected to the homepage                                        # stepdefinations.UpdateResumeAndLocationSteps.i_should_be_redirected_to_the_homepage()
  When user see Naukri Home page                                                     # stepdefinations.UpdateResumeAndLocationSteps.user_see_Naukri_Home_page()
  And user click on the profile drawer Icon on Home page                             # stepdefinations.UpdateResumeAndLocationSteps.user_click_on_the_profile_drawer_icon_on_home_page()
  And user click on view and update profile Button on Home Page                      # stepdefinations.UpdateResumeAndLocationSteps.user_click_on_view_and_update_profile_button_on_home_page()
  Then Page should display Profile Page                                              # stepdefinations.UpdateResumeAndLocationSteps.page_should_display_profile_page()
  And user upload resume on Profile Page                                             # stepdefinations.UpdateResumeAndLocationSteps.user_upload_resume_on_profile_page()
  Then Page should display Success message on profile Page                           # stepdefinations.UpdateResumeAndLocationSteps.page_should_display_success_message_on_profile_page()
  And user click on edit profile button on Profile Page                              # stepdefinations.UpdateResumeAndLocationSteps.user_click_on_edit_profile_button_on_profile_page()
  And User clears the current location on Basic details Form                         # stepdefinations.UpdateResumeAndLocationSteps.user_clears_the_current_location_on_basic_details_form()
  And User Enters the new location on Basic details Form                             # stepdefinations.UpdateResumeAndLocationSteps.user_enters_the_new_location_on_basic_details_form()
      org.openqa.selenium.NoSuchElementException: no such element: Unable to locate element: {"method":"xpath","selector":"//div[@tabindex='-1']"}
  (Session info: chrome=133.0.6943.127)
For documentation on this error, please visit: https://www.seleniumhq.org/exceptions/no_such_element.html
Build info: version: '3.141.59', revision: 'e82be7d358', time: '2018-11-14T08:17:03'
System info: host: 'YOGI1630', ip: '192.168.205.1', os.name: 'Windows 10', os.arch: 'amd64', os.version: '10.0', java.version: '21.0.5'
Driver info: org.openqa.selenium.chrome.ChromeDriver
Capabilities {acceptInsecureCerts: false, browserName: chrome, browserVersion: 133.0.6943.127, chrome: {chromedriverVersion: 133.0.6943.126 (cffa127ce7b..., userDataDir: C:\Windows\SystemTemp\scope...}, fedcm:accounts: true, goog:chromeOptions: {debuggerAddress: localhost:55984}, javascriptEnabled: true, networkConnectionEnabled: false, pageLoadStrategy: normal, platform: WINDOWS, platformName: WINDOWS, proxy: Proxy(), setWindowRect: true, strictFileInteractability: false, timeouts: {implicit: 0, pageLoad: 300000, script: 30000}, unhandledPromptBehavior: dismiss and notify, webauthn:extension:credBlob: true, webauthn:extension:largeBlob: true, webauthn:extension:minPinLength: true, webauthn:extension:prf: true, webauthn:virtualAuthenticators: true}
Session ID: e6efcd6d10d5ad16651a7d227594e280
*** Element info: {Using=xpath, value=//div[@tabindex='-1']}
	at java.base/jdk.internal.reflect.DirectConstructorHandleAccessor.newInstance(DirectConstructorHandleAccessor.java:62)
	at java.base/java.lang.reflect.Constructor.newInstanceWithCaller(Constructor.java:502)
	at java.base/java.lang.reflect.Constructor.newInstance(Constructor.java:486)
	at org.openqa.selenium.remote.http.W3CHttpResponseCodec.createException(W3CHttpResponseCodec.java:187)
	at org.openqa.selenium.remote.http.W3CHttpResponseCodec.decode(W3CHttpResponseCodec.java:122)
	at org.openqa.selenium.remote.http.W3CHttpResponseCodec.decode(W3CHttpResponseCodec.java:49)
	at org.openqa.selenium.remote.HttpCommandExecutor.execute(HttpCommandExecutor.java:158)
	at org.openqa.selenium.remote.service.DriverCommandExecutor.execute(DriverCommandExecutor.java:83)
	at org.openqa.selenium.remote.RemoteWebDriver.execute(RemoteWebDriver.java:552)
	at org.openqa.selenium.remote.RemoteWebDriver.findElement(RemoteWebDriver.java:323)
	at org.openqa.selenium.remote.RemoteWebDriver.findElementByXPath(RemoteWebDriver.java:428)
	at org.openqa.selenium.By$ByXPath.findElement(By.java:353)
	at org.openqa.selenium.remote.RemoteWebDriver.findElement(RemoteWebDriver.java:315)
	at org.openqa.selenium.support.pagefactory.DefaultElementLocator.findElement(DefaultElementLocator.java:69)
	at org.openqa.selenium.support.pagefactory.internal.LocatingElementHandler.invoke(LocatingElementHandler.java:38)
	at jdk.proxy2/jdk.proxy2.$Proxy21.click(Unknown Source)
	at pagefactory.UpdateResumeAndLocationPage.selectFirstLocationOption(UpdateResumeAndLocationPage.java:150)
	at stepdefinations.UpdateResumeAndLocationSteps.user_enters_the_new_location_on_basic_details_form(UpdateResumeAndLocationSteps.java:114)
	at ✽.User Enters the new location on Basic details Form(file:///C:/Users/Admin/eclipse-workspace/Naukri/src/test/resources/features/updateNaukri.feature:19)

  And User click on the save button on Basic details Form                            # stepdefinations.UpdateResumeAndLocationSteps.user_click_on_the_save_button_on_basic_details_form()
  Then User verify the newly added address on profile Page                           # stepdefinations.UpdateResumeAndLocationSteps.user_verify_the_newly_added_address_on_profile_page()
Closing the browser
]]></system-out>
    <system-err><![CDATA[Starting ChromeDriver 133.0.6943.126 (cffa127ce7b6be72885391527c15b452056a2e81-refs/branch-heads/6943@{#1570}) on port 36456
Only local connections are allowed.
Please see https://chromedriver.chromium.org/security-considerations for suggestions on keeping ChromeDriver safe.
ChromeDriver was started successfully on port 36456.
फ़र॰ 24, 2025 9:43:59 PM org.openqa.selenium.remote.ProtocolHandshake createSession
INFO: Detected dialect: W3C
]]></system-err>
  </testcase>
</testsuite>